#
# There is insufficient memory for the Java Runtime Environment to continue.
# Native memory allocation (malloc) failed to allocate 814288 bytes for Chunk::new
# Possible reasons:
#   The system is out of physical RAM or swap space
#   In 32 bit mode, the process size limit was hit
# Possible solutions:
#   Reduce memory load on the system
#   Increase physical memory or swap space
#   Check if swap backing store is full
#   Use 64 bit Java on a 64 bit OS
#   Decrease Java heap size (-Xmx/-Xms)
#   Decrease number of Java threads
#   Decrease Java thread stack sizes (-Xss)
#   Set larger code cache with -XX:ReservedCodeCacheSize=
# This output file may be truncated or incomplete.
#
#  Out of Memory Error (allocation.cpp:390), pid=6760, tid=9672
#
# JRE version: Java(TM) SE Runtime Environment (8.0_25-b18) (build 1.8.0_25-b18)
# Java VM: Java HotSpot(TM) 64-Bit Server VM (25.25-b02 mixed mode windows-amd64 compressed oops)
# Failed to write core dump. Minidumps are not enabled by default on client versions of Windows
#

---------------  T H R E A D  ---------------

Current thread (0x0000000054f29000):  JavaThread "C2 CompilerThread1" daemon [_thread_in_native, id=9672, stack(0x0000000056980000,0x0000000056a80000)]

Stack: [0x0000000056980000,0x0000000056a80000]
Native frames: (J=compiled Java code, j=interpreted, Vv=VM code, C=native code)
V  [jvm.dll+0x31667a]


Current CompileTask:
C2:   8410 2084 %     4       com.android.dx.ssa.ConstCollector::updateConstUses @ 20 (248 bytes)


---------------  P R O C E S S  ---------------

Java Threads: ( => current thread )
  0x00000000573cc800 JavaThread "pool-2-thread-4" [_thread_blocked, id=2960, stack(0x0000000058200000,0x0000000058300000)]
  0x00000000573cc000 JavaThread "pool-2-thread-3" [_thread_in_Java, id=7548, stack(0x0000000057fc0000,0x00000000580c0000)]
  0x00000000573c9000 JavaThread "pool-2-thread-2" [_thread_blocked, id=5076, stack(0x0000000056880000,0x0000000056980000)]
  0x00000000573c8800 JavaThread "pool-3-thread-1" [_thread_blocked, id=2004, stack(0x0000000057e10000,0x0000000057f10000)]
  0x0000000057474000 JavaThread "pool-2-thread-1" [_thread_blocked, id=8436, stack(0x0000000057c00000,0x0000000057d00000)]
  0x0000000056c8d800 JavaThread "Service Thread" daemon [_thread_blocked, id=10040, stack(0x0000000057150000,0x0000000057250000)]
  0x0000000054f2b800 JavaThread "C1 CompilerThread2" daemon [_thread_blocked, id=4952, stack(0x0000000056b40000,0x0000000056c40000)]
=>0x0000000054f29000 JavaThread "C2 CompilerThread1" daemon [_thread_in_native, id=9672, stack(0x0000000056980000,0x0000000056a80000)]
  0x0000000054f27000 JavaThread "C2 CompilerThread0" daemon [_thread_in_native, id=5180, stack(0x00000000564f0000,0x00000000565f0000)]
  0x0000000054f23800 JavaThread "Attach Listener" daemon [_thread_blocked, id=5192, stack(0x0000000056750000,0x0000000056850000)]
  0x0000000054f20800 JavaThread "Signal Dispatcher" daemon [_thread_blocked, id=6900, stack(0x0000000056600000,0x0000000056700000)]
  0x0000000054ebe800 JavaThread "Finalizer" daemon [_thread_blocked, id=8484, stack(0x0000000056380000,0x0000000056480000)]
  0x0000000054ebb800 JavaThread "Reference Handler" daemon [_thread_blocked, id=6360, stack(0x00000000561f0000,0x00000000562f0000)]
  0x000000000034e800 JavaThread "main" [_thread_blocked, id=6576, stack(0x0000000002310000,0x0000000002410000)]

Other Threads:
  0x0000000054eb6000 VMThread [stack: 0x0000000056050000,0x0000000056150000] [id=9388]
  0x0000000056c93800 WatcherThread [stack: 0x00000000572a0000,0x00000000573a0000] [id=1492]

VM state:not at safepoint (normal execution)

VM Mutex/Monitor currently owned by a thread: None

Heap:
 PSYoungGen      total 136192K, used 14445K [0x00000000eab00000, 0x00000000fe500000, 0x0000000100000000)
  eden space 131072K, 7% used [0x00000000eab00000,0x00000000eb41fc78,0x00000000f2b00000)
  from space 5120K, 99% used [0x00000000f2b00000,0x00000000f2ffbb38,0x00000000f3000000)
  to   space 29696K, 0% used [0x00000000fc800000,0x00000000fc800000,0x00000000fe500000)
 ParOldGen       total 86016K, used 42089K [0x00000000c0000000, 0x00000000c5400000, 0x00000000eab00000)
  object space 86016K, 48% used [0x00000000c0000000,0x00000000c291a638,0x00000000c5400000)
 Metaspace       used 6385K, capacity 7216K, committed 7296K, reserved 1056768K
  class space    used 594K, capacity 616K, committed 640K, reserved 1048576K

Card table byte_map: [0x0000000011aa0000,0x0000000011cb0000] byte_map_base: 0x00000000114a0000

Marking Bits: (ParMarkBitMap*) 0x0000000077f7d490
 Begin Bits: [0x0000000012330000, 0x0000000013330000)
 End Bits:   [0x0000000013330000, 0x0000000014330000)

Polling page: 0x0000000000330000

CodeCache: size=245760Kb used=9014Kb max_used=9027Kb free=236745Kb
 bounds [0x00000000026e0000, 0x0000000002fc0000, 0x00000000116e0000]
 total_blobs=2280 nmethods=2015 adapters=178
 compilation: enabled

Compilation events (10 events):
Event: 7.711 Thread 0x0000000054f27000 nmethod 2086 0x0000000002f29b50 code [0x0000000002f29ca0, 0x0000000002f29eb8]
Event: 7.711 Thread 0x0000000054f27000 2087       4       com.android.dx.cf.code.Frame::<init> (52 bytes)
Event: 7.712 Thread 0x0000000054f27000 nmethod 2087 0x0000000002f0fe50 code [0x0000000002f0ffa0, 0x0000000002f10098]
Event: 7.712 Thread 0x0000000054f27000 2088       4       com.android.dx.cf.code.ByteBlockList::labelToBlock (46 bytes)
Event: 7.714 Thread 0x0000000054f27000 nmethod 2088 0x0000000002f6f210 code [0x0000000002f6f360, 0x0000000002f6f498]
Event: 7.714 Thread 0x0000000054f27000 2089       4       java.util.ArrayList::clear (39 bytes)
Event: 7.716 Thread 0x0000000054f27000 nmethod 2089 0x0000000002ee2650 code [0x0000000002ee2780, 0x0000000002ee2858]
Event: 7.717 Thread 0x0000000054f27000 2090       4       com.android.dx.cf.code.Merger::isPossiblyAssignableFrom (202 bytes)
Event: 7.726 Thread 0x0000000054f27000 nmethod 2090 0x0000000002f30250 code [0x0000000002f30420, 0x0000000002f30a50]
Event: 7.728 Thread 0x0000000054f27000 2091   !   4       com.android.dx.cf.code.Ropper::processBlock (1101 bytes)

GC Heap History (10 events):
Event: 0.552 GC heap before
{Heap before GC invocations=1 (full 0):
 PSYoungGen      total 37888K, used 32768K [0x00000000eab00000, 0x00000000ed500000, 0x0000000100000000)
  eden space 32768K, 100% used [0x00000000eab00000,0x00000000ecb00000,0x00000000ecb00000)
  from space 5120K, 0% used [0x00000000ed000000,0x00000000ed000000,0x00000000ed500000)
  to   space 5120K, 0% used [0x00000000ecb00000,0x00000000ecb00000,0x00000000ed000000)
 ParOldGen       total 86016K, used 0K [0x00000000c0000000, 0x00000000c5400000, 0x00000000eab00000)
  object space 86016K, 0% used [0x00000000c0000000,0x00000000c0000000,0x00000000c5400000)
 Metaspace       used 4160K, capacity 5296K, committed 5376K, reserved 1056768K
  class space    used 457K, capacity 488K, committed 512K, reserved 1048576K
Event: 0.623 GC heap after
Heap after GC invocations=1 (full 0):
 PSYoungGen      total 37888K, used 1976K [0x00000000eab00000, 0x00000000ef500000, 0x0000000100000000)
  eden space 32768K, 0% used [0x00000000eab00000,0x00000000eab00000,0x00000000ecb00000)
  from space 5120K, 38% used [0x00000000ecb00000,0x00000000eccee0e8,0x00000000ed000000)
  to   space 5120K, 0% used [0x00000000ef000000,0x00000000ef000000,0x00000000ef500000)
 ParOldGen       total 86016K, used 0K [0x00000000c0000000, 0x00000000c5400000, 0x00000000eab00000)
  object space 86016K, 0% used [0x00000000c0000000,0x00000000c0000000,0x00000000c5400000)
 Metaspace       used 4160K, capacity 5296K, committed 5376K, reserved 1056768K
  class space    used 457K, capacity 488K, committed 512K, reserved 1048576K
}
Event: 1.803 GC heap before
{Heap before GC invocations=2 (full 0):
 PSYoungGen      total 37888K, used 34744K [0x00000000eab00000, 0x00000000ef500000, 0x0000000100000000)
  eden space 32768K, 100% used [0x00000000eab00000,0x00000000ecb00000,0x00000000ecb00000)
  from space 5120K, 38% used [0x00000000ecb00000,0x00000000eccee0e8,0x00000000ed000000)
  to   space 5120K, 0% used [0x00000000ef000000,0x00000000ef000000,0x00000000ef500000)
 ParOldGen       total 86016K, used 0K [0x00000000c0000000, 0x00000000c5400000, 0x00000000eab00000)
  object space 86016K, 0% used [0x00000000c0000000,0x00000000c0000000,0x00000000c5400000)
 Metaspace       used 6153K, capacity 7088K, committed 7296K, reserved 1056768K
  class space    used 593K, capacity 616K, committed 640K, reserved 1048576K
Event: 1.923 GC heap after
Heap after GC invocations=2 (full 0):
 PSYoungGen      total 70656K, used 5101K [0x00000000eab00000, 0x00000000ef500000, 0x0000000100000000)
  eden space 65536K, 0% used [0x00000000eab00000,0x00000000eab00000,0x00000000eeb00000)
  from space 5120K, 99% used [0x00000000ef000000,0x00000000ef4fb438,0x00000000ef500000)
  to   space 5120K, 0% used [0x00000000eeb00000,0x00000000eeb00000,0x00000000ef000000)
 ParOldGen       total 86016K, used 1676K [0x00000000c0000000, 0x00000000c5400000, 0x00000000eab00000)
  object space 86016K, 1% used [0x00000000c0000000,0x00000000c01a31c0,0x00000000c5400000)
 Metaspace       used 6153K, capacity 7088K, committed 7296K, reserved 1056768K
  class space    used 593K, capacity 616K, committed 640K, reserved 1048576K
}
Event: 2.624 GC heap before
{Heap before GC invocations=3 (full 0):
 PSYoungGen      total 70656K, used 70637K [0x00000000eab00000, 0x00000000ef500000, 0x0000000100000000)
  eden space 65536K, 100% used [0x00000000eab00000,0x00000000eeb00000,0x00000000eeb00000)
  from space 5120K, 99% used [0x00000000ef000000,0x00000000ef4fb438,0x00000000ef500000)
  to   space 5120K, 0% used [0x00000000eeb00000,0x00000000eeb00000,0x00000000ef000000)
 ParOldGen       total 86016K, used 1676K [0x00000000c0000000, 0x00000000c5400000, 0x00000000eab00000)
  object space 86016K, 1% used [0x00000000c0000000,0x00000000c01a31c0,0x00000000c5400000)
 Metaspace       used 6243K, capacity 7152K, committed 7296K, reserved 1056768K
  class space    used 594K, capacity 616K, committed 640K, reserved 1048576K
Event: 2.661 GC heap after
Heap after GC invocations=3 (full 0):
 PSYoungGen      total 70656K, used 5104K [0x00000000eab00000, 0x00000000f3500000, 0x0000000100000000)
  eden space 65536K, 0% used [0x00000000eab00000,0x00000000eab00000,0x00000000eeb00000)
  from space 5120K, 99% used [0x00000000eeb00000,0x00000000eeffc258,0x00000000ef000000)
  to   space 5120K, 0% used [0x00000000f3000000,0x00000000f3000000,0x00000000f3500000)
 ParOldGen       total 86016K, used 12429K [0x00000000c0000000, 0x00000000c5400000, 0x00000000eab00000)
  object space 86016K, 14% used [0x00000000c0000000,0x00000000c0c23698,0x00000000c5400000)
 Metaspace       used 6243K, capacity 7152K, committed 7296K, reserved 1056768K
  class space    used 594K, capacity 616K, committed 640K, reserved 1048576K
}
Event: 3.309 GC heap before
{Heap before GC invocations=4 (full 0):
 PSYoungGen      total 70656K, used 70640K [0x00000000eab00000, 0x00000000f3500000, 0x0000000100000000)
  eden space 65536K, 100% used [0x00000000eab00000,0x00000000eeb00000,0x00000000eeb00000)
  from space 5120K, 99% used [0x00000000eeb00000,0x00000000eeffc258,0x00000000ef000000)
  to   space 5120K, 0% used [0x00000000f3000000,0x00000000f3000000,0x00000000f3500000)
 ParOldGen       total 86016K, used 12429K [0x00000000c0000000, 0x00000000c5400000, 0x00000000eab00000)
  object space 86016K, 14% used [0x00000000c0000000,0x00000000c0c23698,0x00000000c5400000)
 Metaspace       used 6323K, capacity 7152K, committed 7296K, reserved 1056768K
  class space    used 594K, capacity 616K, committed 640K, reserved 1048576K
Event: 3.357 GC heap after
Heap after GC invocations=4 (full 0):
 PSYoungGen      total 136192K, used 5099K [0x00000000eab00000, 0x00000000f3500000, 0x0000000100000000)
  eden space 131072K, 0% used [0x00000000eab00000,0x00000000eab00000,0x00000000f2b00000)
  from space 5120K, 99% used [0x00000000f3000000,0x00000000f34faf78,0x00000000f3500000)
  to   space 5120K, 0% used [0x00000000f2b00000,0x00000000f2b00000,0x00000000f3000000)
 ParOldGen       total 86016K, used 21849K [0x00000000c0000000, 0x00000000c5400000, 0x00000000eab00000)
  object space 86016K, 25% used [0x00000000c0000000,0x00000000c1556480,0x00000000c5400000)
 Metaspace       used 6323K, capacity 7152K, committed 7296K, reserved 1056768K
  class space    used 594K, capacity 616K, committed 640K, reserved 1048576K
}
Event: 4.346 GC heap before
{Heap before GC invocations=5 (full 0):
 PSYoungGen      total 136192K, used 136171K [0x00000000eab00000, 0x00000000f3500000, 0x0000000100000000)
  eden space 131072K, 100% used [0x00000000eab00000,0x00000000f2b00000,0x00000000f2b00000)
  from space 5120K, 99% used [0x00000000f3000000,0x00000000f34faf78,0x00000000f3500000)
  to   space 5120K, 0% used [0x00000000f2b00000,0x00000000f2b00000,0x00000000f3000000)
 ParOldGen       total 86016K, used 21849K [0x00000000c0000000, 0x00000000c5400000, 0x00000000eab00000)
  object space 86016K, 25% used [0x00000000c0000000,0x00000000c1556480,0x00000000c5400000)
 Metaspace       used 6377K, capacity 7216K, committed 7296K, reserved 1056768K
  class space    used 594K, capacity 616K, committed 640K, reserved 1048576K
Event: 4.492 GC heap after
Heap after GC invocations=5 (full 0):
 PSYoungGen      total 136192K, used 5102K [0x00000000eab00000, 0x00000000fe500000, 0x0000000100000000)
  eden space 131072K, 0% used [0x00000000eab00000,0x00000000eab00000,0x00000000f2b00000)
  from space 5120K, 99% used [0x00000000f2b00000,0x00000000f2ffbb38,0x00000000f3000000)
  to   space 29696K, 0% used [0x00000000fc800000,0x00000000fc800000,0x00000000fe500000)
 ParOldGen       total 86016K, used 42089K [0x00000000c0000000, 0x00000000c5400000, 0x00000000eab00000)
  object space 86016K, 48% used [0x00000000c0000000,0x00000000c291a638,0x00000000c5400000)
 Metaspace       used 6377K, capacity 7216K, committed 7296K, reserved 1056768K
  class space    used 594K, capacity 616K, committed 640K, reserved 1048576K
}

Deoptimization events (10 events):
Event: 2.693 Thread 0x0000000057474000 Uncommon trap: reason=bimorphic action=maybe_recompile pc=0x000000000294d1bc method=java.util.HashMap.getNode(ILjava/lang/Object;)Ljava/util/HashMap$Node; @ 126
Event: 2.693 Thread 0x0000000057474000 Uncommon trap: reason=class_check action=maybe_recompile pc=0x0000000002bb776c method=java.util.HashMap.putVal(ILjava/lang/Object;Ljava/lang/Object;ZZ)Ljava/lang/Object; @ 203
Event: 2.693 Thread 0x0000000057474000 Uncommon trap: reason=bimorphic action=maybe_recompile pc=0x00000000029b2b60 method=java.util.HashMap.getNode(ILjava/lang/Object;)Ljava/util/HashMap$Node; @ 126
Event: 2.693 Thread 0x0000000057474000 Uncommon trap: reason=bimorphic action=maybe_recompile pc=0x00000000029b2b60 method=java.util.HashMap.getNode(ILjava/lang/Object;)Ljava/util/HashMap$Node; @ 126
Event: 2.693 Thread 0x0000000057474000 Uncommon trap: reason=class_check action=maybe_recompile pc=0x0000000002bb776c method=java.util.HashMap.putVal(ILjava/lang/Object;Ljava/lang/Object;ZZ)Ljava/lang/Object; @ 203
Event: 2.693 Thread 0x0000000057474000 Uncommon trap: reason=bimorphic action=maybe_recompile pc=0x000000000294d1bc method=java.util.HashMap.getNode(ILjava/lang/Object;)Ljava/util/HashMap$Node; @ 126
Event: 3.373 Thread 0x00000000573c9000 Uncommon trap: reason=bimorphic action=maybe_recompile pc=0x0000000002df8d98 method=com.android.dx.cf.code.BytecodeArray.parseInstruction(ILcom/android/dx/cf/code/BytecodeArray$Visitor;)I @ 1130
Event: 3.373 Thread 0x00000000573c9000 Uncommon trap: reason=bimorphic action=maybe_recompile pc=0x0000000002df8d98 method=com.android.dx.cf.code.BytecodeArray.parseInstruction(ILcom/android/dx/cf/code/BytecodeArray$Visitor;)I @ 1130
Event: 3.639 Thread 0x0000000057474000 Uncommon trap: reason=class_check action=maybe_recompile pc=0x0000000002bb776c method=java.util.HashMap.putVal(ILjava/lang/Object;Ljava/lang/Object;ZZ)Ljava/lang/Object; @ 203
Event: 3.920 Thread 0x00000000573c9000 Uncommon trap: reason=unreached action=reinterpret pc=0x0000000002d94278 method=com.android.dx.rop.code.LocalItem.compareHandlesNulls(Lcom/android/dx/rop/cst/CstString;Lcom/android/dx/rop/cst/CstString;)I @ 14

Internal exceptions (10 events):
Event: 1.126 Thread 0x00000000573c9000 Exception <a 'java/security/PrivilegedActionException'> (0x00000000eb4c8ba0) thrown at [D:\re\workspace\8-2-build-windows-amd64-cygwin\jdk8u25\1677\hotspot\src\share\vm\prims\jvm.cpp, line 1312]
Event: 1.126 Thread 0x00000000573c9000 Exception <a 'java/security/PrivilegedActionException'> (0x00000000eb4ce0a8) thrown at [D:\re\workspace\8-2-build-windows-amd64-cygwin\jdk8u25\1677\hotspot\src\share\vm\prims\jvm.cpp, line 1312]
Event: 1.129 Thread 0x000000000034e800 Exception <a 'java/security/PrivilegedActionException'> (0x00000000eb541208) thrown at [D:\re\workspace\8-2-build-windows-amd64-cygwin\jdk8u25\1677\hotspot\src\share\vm\prims\jvm.cpp, line 1312]
Event: 1.149 Thread 0x00000000573cc800 Exception <a 'java/security/PrivilegedActionException'> (0x00000000eb6c9720) thrown at [D:\re\workspace\8-2-build-windows-amd64-cygwin\jdk8u25\1677\hotspot\src\share\vm\prims\jvm.cpp, line 1312]
Event: 1.166 Thread 0x00000000573cc000 Exception <a 'java/security/PrivilegedActionException'> (0x00000000eb60e3f0) thrown at [D:\re\workspace\8-2-build-windows-amd64-cygwin\jdk8u25\1677\hotspot\src\share\vm\prims\jvm.cpp, line 1312]
Event: 1.205 Thread 0x000000000034e800 Exception <a 'java/security/PrivilegedActionException'> (0x00000000eb710390) thrown at [D:\re\workspace\8-2-build-windows-amd64-cygwin\jdk8u25\1677\hotspot\src\share\vm\prims\jvm.cpp, line 1312]
Event: 1.699 Thread 0x000000000034e800 Implicit null exception at 0x0000000002c2a94e to 0x0000000002c2b795
Event: 2.441 Thread 0x000000000034e800 Exception <a 'java/security/PrivilegedActionException'> (0x00000000ed629570) thrown at [D:\re\workspace\8-2-build-windows-amd64-cygwin\jdk8u25\1677\hotspot\src\share\vm\prims\jvm.cpp, line 1312]
Event: 2.445 Thread 0x000000000034e800 Exception <a 'java/security/PrivilegedActionException'> (0x00000000ed688b50) thrown at [D:\re\workspace\8-2-build-windows-amd64-cygwin\jdk8u25\1677\hotspot\src\share\vm\prims\jvm.cpp, line 1312]
Event: 3.920 Thread 0x00000000573c9000 Implicit null exception at 0x0000000002d92cc1 to 0x0000000002d9425d

Events (10 events):
Event: 3.639 Thread 0x0000000057474000 Uncommon trap: trap_request=0xffffffde fr.pc=0x0000000002bb776c
Event: 3.639 Thread 0x0000000057474000 DEOPT PACKING pc=0x0000000002bb776c sp=0x0000000057cfea80
Event: 3.639 Thread 0x0000000057474000 DEOPT UNPACKING pc=0x000000000272556a sp=0x0000000057cfe9f8 mode 2
Event: 3.920 Thread 0x00000000573c9000 Uncommon trap: trap_request=0xffffffad fr.pc=0x0000000002d94278
Event: 3.920 Thread 0x00000000573c9000 DEOPT PACKING pc=0x0000000002d94278 sp=0x000000005697ea60
Event: 3.920 Thread 0x00000000573c9000 DEOPT UNPACKING pc=0x000000000272556a sp=0x000000005697e858 mode 2
Event: 4.213 Executing VM operation: EnableBiasedLocking
Event: 4.213 Executing VM operation: EnableBiasedLocking done
Event: 4.346 Executing VM operation: ParallelGCFailedAllocation
Event: 4.492 Executing VM operation: ParallelGCFailedAllocation done


Dynamic libraries:
0x000000013fc40000 - 0x000000013fc74000 	C:\Program Files\Java\jdk1.8.0_25\bin\java.exe
0x00000000771c0000 - 0x000000007736a000 	C:\Windows\SYSTEM32\ntdll.dll
0x0000000076fa0000 - 0x00000000770bf000 	C:\Windows\system32\kernel32.dll
0x000007fefd260000 - 0x000007fefd2cb000 	C:\Windows\system32\KERNELBASE.dll
0x000007fefdb30000 - 0x000007fefdc0b000 	C:\Windows\system32\ADVAPI32.dll
0x000007fefd950000 - 0x000007fefd9ef000 	C:\Windows\system32\msvcrt.dll
0x000007fefd590000 - 0x000007fefd5af000 	C:\Windows\SYSTEM32\sechost.dll
0x000007fefe350000 - 0x000007fefe47d000 	C:\Windows\system32\RPCRT4.dll
0x00000000770c0000 - 0x00000000771ba000 	C:\Windows\system32\USER32.dll
0x000007fefd9f0000 - 0x000007fefda57000 	C:\Windows\system32\GDI32.dll
0x000007fefe340000 - 0x000007fefe34e000 	C:\Windows\system32\LPK.dll
0x000007fefda60000 - 0x000007fefdb2a000 	C:\Windows\system32\USP10.dll
0x000007fefbf70000 - 0x000007fefc164000 	C:\Windows\WinSxS\amd64_microsoft.windows.common-controls_6595b64144ccf1df_6.0.7601.18837_none_fa3b1e3d17594757\COMCTL32.dll
0x000007fefd8d0000 - 0x000007fefd941000 	C:\Windows\system32\SHLWAPI.dll
0x000007fefe040000 - 0x000007fefe06e000 	C:\Windows\system32\IMM32.DLL
0x000007fefe520000 - 0x000007fefe629000 	C:\Windows\system32\MSCTF.dll
0x000000006b2d0000 - 0x000000006b3a2000 	C:\Program Files\Java\jdk1.8.0_25\jre\bin\msvcr100.dll
0x00000000777a0000 - 0x0000000077ffa000 	C:\Program Files\Java\jdk1.8.0_25\jre\bin\server\jvm.dll
0x000007fef71b0000 - 0x000007fef71b9000 	C:\Windows\system32\WSOCK32.dll
0x000007fefe6f0000 - 0x000007fefe73d000 	C:\Windows\system32\WS2_32.dll
0x000007fefe030000 - 0x000007fefe038000 	C:\Windows\system32\NSI.dll
0x000007fefa5d0000 - 0x000007fefa60b000 	C:\Windows\system32\WINMM.dll
0x0000000077380000 - 0x0000000077387000 	C:\Windows\system32\PSAPI.DLL
0x0000000072ef0000 - 0x0000000072eff000 	C:\Program Files\Java\jdk1.8.0_25\jre\bin\verify.dll
0x000000006ec30000 - 0x000000006ec58000 	C:\Program Files\Java\jdk1.8.0_25\jre\bin\java.dll
0x0000000072eb0000 - 0x0000000072ec6000 	C:\Program Files\Java\jdk1.8.0_25\jre\bin\zip.dll
0x000007fefe740000 - 0x000007feff4c9000 	C:\Windows\system32\SHELL32.dll
0x000007fefde20000 - 0x000007fefe023000 	C:\Windows\system32\ole32.dll
0x000007fefcf40000 - 0x000007fefcf4f000 	C:\Windows\system32\profapi.dll

VM Arguments:
jvm_args: -Djava.awt.headless=true -Xmx1024M -Dfile.encoding=windows-1252 -Duser.country=US -Duser.language=en -Duser.variant 
java_command: com.android.dx.command.Main --dex --num-threads=4 --multi-dex --output C:\Android\projects\StrikeCom\app\build\intermediates\transforms\dex\debug\folders\1000\1a\dependencies_6b55576f7e0305250630e63d48d03e2c6b6e74a9 C:\Android\projects\StrikeCom\app\build\intermediates\transforms\instantRunSlicer\debug\jars\1\1a\dependencies.jar
java_class_path (initial): C:\Android\sdk\build-tools\23.0.2\lib\dx.jar
Launcher Type: SUN_STANDARD

Environment Variables:
JAVA_HOME=C:\Program Files\Java\jdk1.8.0_25
PATH=C:\PROGRAMDATA\ORACLE\JAVA\JAVAPATH;C:\PROGRAM FILES (X86)\NVIDIA CORPORATION\PHYSX\COMMON;C:\Windows\SYSTEM32;C:\Windows;C:\Windows\SYSTEM32\WBEM;C:\Windows\SYSTEM32\WINDOWSPOWERSHELL\V1.0\;C:\PROGRAM FILES (X86)\INTEL\OPENCL SDK\2.0\BIN\X86;C:\PROGRAM FILES (X86)\INTEL\OPENCL SDK\2.0\BIN\X64;C:\PROGRAM FILES\CALIBRE2\;C:\MINGW\BIN;C:\MINGW\MSYS\1.0\BIN;C:\PROGRAM FILES (X86)\GNUPLOT\BIN;C:\PYTHONANACONDA;C:\PYTHONANACONDA\SCRIPTS;C:\PROGRAM FILES (X86)\GIT\CMD;;C:\PROGRAM FILES (X86)\SKYPE\PHONE\;C:\Program Files\ASUS\Bluetooth Software\;C:\Program Files\ASUS\Bluetooth Software\syswow64;C:\Program Files (x86)\GtkSharp\2.12\bin;C:\Android\sdk\platform-tools
USERNAME=Akira
OS=Windows_NT
PROCESSOR_IDENTIFIER=Intel64 Family 6 Model 58 Stepping 9, GenuineIntel



---------------  S Y S T E M  ---------------

OS: Windows 7 , 64 bit Build 7601 Service Pack 1

CPU:total 4 (2 cores per cpu, 2 threads per core) family 6 model 58 stepping 9, cmov, cx8, fxsr, mmx, sse, sse2, sse3, ssse3, sse4.1, sse4.2, popcnt, avx, aes, clmul, erms, ht, tsc, tscinvbit, tscinv

Memory: 4k page, physical 8206056k(312836k free), swap 9252796k(5212k free)

vm_info: Java HotSpot(TM) 64-Bit Server VM (25.25-b02) for windows-amd64 JRE (1.8.0_25-b18), built on Oct  7 2014 14:25:37 by "java_re" with MS VC++ 10.0 (VS2010)

time: Tue Mar 08 15:05:30 2016
elapsed time: 8 seconds (0d 0h 0m 8s)

